# JRE version: OpenJDK Runtime Environment (7.0_65-b32) (build 1.7.0_65-b32)
# Java VM: OpenJDK Server VM (24.65-b04 mixed mode linux-x86 )
Heap
 PSYoungGen      total 57088K, used 2804K [0xa4dc0000, 0xa8840000, 0xb3140000)
  eden space 54272K, 0% used [0xa4dc0000,0xa4dc0000,0xa82c0000)
  from space 2816K, 99% used [0xa82c0000,0xa857d3c8,0xa8580000)
  to   space 2816K, 0% used [0xa8580000,0xa8580000,0xa8840000)
 ParOldGen       total 28928K, used 3511K [0x88740000, 0x8a380000, 0xa4dc0000)
  object space 28928K, 12% used [0x88740000,0x88aadd90,0x8a380000)
 PSPermGen       total 16384K, used 7778K [0x80740000, 0x81740000, 0x88740000)
  object space 16384K, 47% used [0x80740000,0x80ed8b40,0x81740000)
GC Heap History (10 events):
Event: 22.917 GC heap after
Heap after GC invocations=8 (full 0):
 PSYoungGen      total 23552K, used 1156K [0xa4dc0000, 0xa6740000, 0xb3140000)
  eden space 20992K, 0% used [0xa4dc0000,0xa4dc0000,0xa6240000)
  from space 2560K, 45% used [0xa64c0000,0xa65e13c0,0xa6740000)
  to   space 2560K, 0% used [0xa6240000,0xa6240000,0xa64c0000)
 ParOldGen       total 28928K, used 1867K [0x88740000, 0x8a380000, 0xa4dc0000)
  object space 28928K, 6% used [0x88740000,0x88912d88,0x8a380000)
 PSPermGen       total 16384K, used 7775K [0x80740000, 0x81740000, 0x88740000)
  object space 16384K, 47% used [0x80740000,0x80ed7e70,0x81740000)
}
Event: 23.696 GC heap before
{Heap before GC invocations=9 (full 0):
 PSYoungGen      total 23552K, used 22148K [0xa4dc0000, 0xa6740000, 0xb3140000)
  eden space 20992K, 100% used [0xa4dc0000,0xa6240000,0xa6240000)
  from space 2560K, 45% used [0xa64c0000,0xa65e13c0,0xa6740000)
  to   space 2560K, 0% used [0xa6240000,0xa6240000,0xa64c0000)
 ParOldGen       total 28928K, used 1867K [0x88740000, 0x8a380000, 0xa4dc0000)
  object space 28928K, 6% used [0x88740000,0x88912d88,0x8a380000)
 PSPermGen       total 16384K, used 7776K [0x80740000, 0x81740000, 0x88740000)
  object space 16384K, 47% used [0x80740000,0x80ed8198,0x81740000)
Event: 23.703 GC heap after
Heap after GC invocations=9 (full 0):
 PSYoungGen      total 23552K, used 1676K [0xa4dc0000, 0xa73c0000, 0xb3140000)
  eden space 20992K, 0% used [0xa4dc0000,0xa4dc0000,0xa6240000)
  from space 2560K, 65% used [0xa6240000,0xa63e3010,0xa64c0000)
  to   space 2560K, 0% used [0xa7140000,0xa7140000,0xa73c0000)
 ParOldGen       total 28928K, used 1875K [0x88740000, 0x8a380000, 0xa4dc0000)
  object space 28928K, 6% used [0x88740000,0x88914d88,0x8a380000)
 PSPermGen       total 16384K, used 7776K [0x80740000, 0x81740000, 0x88740000)
  object space 16384K, 47% used [0x80740000,0x80ed8198,0x81740000)
}
Event: 24.436 GC heap before
{Heap before GC invocations=10 (full 0):
 PSYoungGen      total 23552K, used 22668K [0xa4dc0000, 0xa73c0000, 0xb3140000)
  eden space 20992K, 100% used [0xa4dc0000,0xa6240000,0xa6240000)
  from space 2560K, 65% used [0xa6240000,0xa63e3010,0xa64c0000)
  to   space 2560K, 0% used [0xa7140000,0xa7140000,0xa73c0000)
 ParOldGen       total 28928K, used 1875K [0x88740000, 0x8a380000, 0xa4dc0000)
  object space 28928K, 6% used [0x88740000,0x88914d88,0x8a380000)
 PSPermGen       total 16384K, used 7776K [0x80740000, 0x81740000, 0x88740000)
  object space 16384K, 47% used [0x80740000,0x80ed8198,0x81740000)
Event: 24.445 GC heap after
Heap after GC invocations=10 (full 0):
 PSYoungGen      total 36352K, used 1956K [0xa4dc0000, 0xa73c0000, 0xb3140000)
  eden space 33792K, 0% used [0xa4dc0000,0xa4dc0000,0xa6ec0000)
  from space 2560K, 76% used [0xa7140000,0xa73293c8,0xa73c0000)
  to   space 2560K, 0% used [0xa6ec0000,0xa6ec0000,0xa7140000)
 ParOldGen       total 28928K, used 1879K [0x88740000, 0x8a380000, 0xa4dc0000)
  object space 28928K, 6% used [0x88740000,0x88915d88,0x8a380000)
 PSPermGen       total 16384K, used 7776K [0x80740000, 0x81740000, 0x88740000)
  object space 16384K, 47% used [0x80740000,0x80ed8198,0x81740000)
}
Event: 25.964 GC heap before
{Heap before GC invocations=11 (full 0):
 PSYoungGen      total 36352K, used 35748K [0xa4dc0000, 0xa73c0000, 0xb3140000)
  eden space 33792K, 100% used [0xa4dc0000,0xa6ec0000,0xa6ec0000)
  from space 2560K, 76% used [0xa7140000,0xa73293c8,0xa73c0000)
  to   space 2560K, 0% used [0xa6ec0000,0xa6ec0000,0xa7140000)
 ParOldGen       total 28928K, used 1879K [0x88740000, 0x8a380000, 0xa4dc0000)
  object space 28928K, 6% used [0x88740000,0x88915d88,0x8a380000)
 PSPermGen       total 16384K, used 7776K [0x80740000, 0x81740000, 0x88740000)
  object space 16384K, 47% used [0x80740000,0x80ed82a0,0x81740000)
Event: 25.975 GC heap after
Heap after GC invocations=11 (full 0):
 PSYoungGen      total 36352K, used 2436K [0xa4dc0000, 0xa8840000, 0xb3140000)
  eden space 33792K, 0% used [0xa4dc0000,0xa4dc0000,0xa6ec0000)
  from space 2560K, 95% used [0xa6ec0000,0xa71213c0,0xa7140000)
  to   space 2816K, 0% used [0xa8580000,0xa8580000,0xa8840000)
 ParOldGen       total 28928K, used 2599K [0x88740000, 0x8a380000, 0xa4dc0000)
  object space 28928K, 8% used [0x88740000,0x889c9d90,0x8a380000)
 PSPermGen       total 16384K, used 7776K [0x80740000, 0x81740000, 0x88740000)
  object space 16384K, 47% used [0x80740000,0x80ed82a0,0x81740000)
}
Event: 27.750 GC heap before
{Heap before GC invocations=12 (full 0):
 PSYoungGen      total 36352K, used 36228K [0xa4dc0000, 0xa8840000, 0xb3140000)
  eden space 33792K, 100% used [0xa4dc0000,0xa6ec0000,0xa6ec0000)
  from space 2560K, 95% used [0xa6ec0000,0xa71213c0,0xa7140000)
  to   space 2816K, 0% used [0xa8580000,0xa8580000,0xa8840000)
 ParOldGen       total 28928K, used 2599K [0x88740000, 0x8a380000, 0xa4dc0000)
  object space 28928K, 8% used [0x88740000,0x889c9d90,0x8a380000)
 PSPermGen       total 16384K, used 7777K [0x80740000, 0x81740000, 0x88740000)
  object space 16384K, 47% used [0x80740000,0x80ed87d0,0x81740000)
Event: 27.769 GC heap after
Heap after GC invocations=12 (full 0):
 PSYoungGen      total 57088K, used 2164K [0xa4dc0000, 0xa8840000, 0xb3140000)
  eden space 54272K, 0% used [0xa4dc0000,0xa4dc0000,0xa82c0000)
  from space 2816K, 76% used [0xa8580000,0xa879d3c0,0xa8840000)
  to   space 2816K, 0% used [0xa82c0000,0xa82c0000,0xa8580000)
 ParOldGen       total 28928K, used 2615K [0x88740000, 0x8a380000, 0xa4dc0000)
  object space 28928K, 9% used [0x88740000,0x889cdd90,0x8a380000)
 PSPermGen       total 16384K, used 7777K [0x80740000, 0x81740000, 0x88740000)
  object space 16384K, 47% used [0x80740000,0x80ed87d0,0x81740000)
}
Event: 30.510 GC heap before
{Heap before GC invocations=13 (full 0):
 PSYoungGen      total 57088K, used 56436K [0xa4dc0000, 0xa8840000, 0xb3140000)
  eden space 54272K, 100% used [0xa4dc0000,0xa82c0000,0xa82c0000)
  from space 2816K, 76% used [0xa8580000,0xa879d3c0,0xa8840000)
  to   space 2816K, 0% used [0xa82c0000,0xa82c0000,0xa8580000)
 ParOldGen       total 28928K, used 2615K [0x88740000, 0x8a380000, 0xa4dc0000)
  object space 28928K, 9% used [0x88740000,0x889cdd90,0x8a380000)
 PSPermGen       total 16384K, used 7778K [0x80740000, 0x81740000, 0x88740000)
  object space 16384K, 47% used [0x80740000,0x80ed8b40,0x81740000)

