# JRE version: OpenJDK Runtime Environment (7.0_65-b32) (build 1.7.0_65-b32)
# Java VM: OpenJDK Server VM (24.65-b04 mixed mode linux-x86 )
Heap
 PSYoungGen      total 91648K, used 4340K [0xa4dc0000, 0xaabc0000, 0xb3140000)
  eden space 87296K, 0% used [0xa4dc0000,0xa4dc0000,0xaa300000)
  from space 4352K, 99% used [0xaa300000,0xaa73d3c8,0xaa740000)
  to   space 4096K, 0% used [0xaa740000,0xaa740000,0xaab40000)
 ParOldGen       total 28928K, used 6404K [0x88740000, 0x8a380000, 0xa4dc0000)
  object space 28928K, 22% used [0x88740000,0x88d81270,0x8a380000)
 PSPermGen       total 16384K, used 7784K [0x80740000, 0x81740000, 0x88740000)
  object space 16384K, 47% used [0x80740000,0x80eda268,0x81740000)
GC Heap History (10 events):
Event: 17.068 GC heap after
Heap after GC invocations=4 (full 0):
 PSYoungGen      total 23808K, used 1778K [0xa4dc0000, 0xa66c0000, 0xb3140000)
  eden space 22016K, 0% used [0xa4dc0000,0xa4dc0000,0xa6340000)
  from space 1792K, 99% used [0xa6500000,0xa66bc948,0xa66c0000)
  to   space 1792K, 0% used [0xa6340000,0xa6340000,0xa6500000)
 ParOldGen       total 28928K, used 1371K [0x88740000, 0x8a380000, 0xa4dc0000)
  object space 28928K, 4% used [0x88740000,0x88896ce8,0x8a380000)
 PSPermGen       total 16384K, used 7778K [0x80740000, 0x81740000, 0x88740000)
  object space 16384K, 47% used [0x80740000,0x80ed88e0,0x81740000)
}
Event: 18.247 GC heap before
{Heap before GC invocations=5 (full 0):
 PSYoungGen      total 23808K, used 23794K [0xa4dc0000, 0xa66c0000, 0xb3140000)
  eden space 22016K, 100% used [0xa4dc0000,0xa6340000,0xa6340000)
  from space 1792K, 99% used [0xa6500000,0xa66bc948,0xa66c0000)
  to   space 1792K, 0% used [0xa6340000,0xa6340000,0xa6500000)
 ParOldGen       total 28928K, used 1371K [0x88740000, 0x8a380000, 0xa4dc0000)
  object space 28928K, 4% used [0x88740000,0x88896ce8,0x8a380000)
 PSPermGen       total 16384K, used 7778K [0x80740000, 0x81740000, 0x88740000)
  object space 16384K, 47% used [0x80740000,0x80ed8bd8,0x81740000)
Event: 18.255 GC heap after
Heap after GC invocations=5 (full 0):
 PSYoungGen      total 23808K, used 1786K [0xa4dc0000, 0xa7e40000, 0xb3140000)
  eden space 22016K, 0% used [0xa4dc0000,0xa4dc0000,0xa6340000)
  from space 1792K, 99% used [0xa6340000,0xa64fe958,0xa6500000)
  to   space 2816K, 0% used [0xa7b80000,0xa7b80000,0xa7e40000)
 ParOldGen       total 28928K, used 2303K [0x88740000, 0x8a380000, 0xa4dc0000)
  object space 28928K, 7% used [0x88740000,0x8897fce8,0x8a380000)
 PSPermGen       total 16384K, used 7778K [0x80740000, 0x81740000, 0x88740000)
  object space 16384K, 47% used [0x80740000,0x80ed8bd8,0x81740000)
}
Event: 19.056 GC heap before
{Heap before GC invocations=6 (full 0):
 PSYoungGen      total 23808K, used 23802K [0xa4dc0000, 0xa7e40000, 0xb3140000)
  eden space 22016K, 100% used [0xa4dc0000,0xa6340000,0xa6340000)
  from space 1792K, 99% used [0xa6340000,0xa64fe958,0xa6500000)
  to   space 2816K, 0% used [0xa7b80000,0xa7b80000,0xa7e40000)
 ParOldGen       total 28928K, used 2303K [0x88740000, 0x8a380000, 0xa4dc0000)
  object space 28928K, 7% used [0x88740000,0x8897fce8,0x8a380000)
 PSPermGen       total 16384K, used 7780K [0x80740000, 0x81740000, 0x88740000)
  object space 16384K, 47% used [0x80740000,0x80ed9030,0x81740000)
Event: 19.069 GC heap after
Heap after GC invocations=6 (full 0):
 PSYoungGen      total 46592K, used 2802K [0xa4dc0000, 0xa7ec0000, 0xb3140000)
  eden space 43776K, 0% used [0xa4dc0000,0xa4dc0000,0xa7880000)
  from space 2816K, 99% used [0xa7b80000,0xa7e3c948,0xa7e40000)
  to   space 3072K, 0% used [0xa7880000,0xa7880000,0xa7b80000)
 ParOldGen       total 28928K, used 2567K [0x88740000, 0x8a380000, 0xa4dc0000)
  object space 28928K, 8% used [0x88740000,0x889c1ce8,0x8a380000)
 PSPermGen       total 16384K, used 7780K [0x80740000, 0x81740000, 0x88740000)
  object space 16384K, 47% used [0x80740000,0x80ed9030,0x81740000)
}
Event: 20.444 GC heap before
{Heap before GC invocations=7 (full 0):
 PSYoungGen      total 46592K, used 46578K [0xa4dc0000, 0xa7ec0000, 0xb3140000)
  eden space 43776K, 100% used [0xa4dc0000,0xa7880000,0xa7880000)
  from space 2816K, 99% used [0xa7b80000,0xa7e3c948,0xa7e40000)
  to   space 3072K, 0% used [0xa7880000,0xa7880000,0xa7b80000)
 ParOldGen       total 28928K, used 2567K [0x88740000, 0x8a380000, 0xa4dc0000)
  object space 28928K, 8% used [0x88740000,0x889c1ce8,0x8a380000)
 PSPermGen       total 16384K, used 7780K [0x80740000, 0x81740000, 0x88740000)
  object space 16384K, 47% used [0x80740000,0x80ed93f8,0x81740000)
Event: 20.458 GC heap after
Heap after GC invocations=7 (full 0):
 PSYoungGen      total 46848K, used 3060K [0xa4dc0000, 0xaab40000, 0xb3140000)
  eden space 43776K, 0% used [0xa4dc0000,0xa4dc0000,0xa7880000)
  from space 3072K, 99% used [0xa7880000,0xa7b7d3c8,0xa7b80000)
  to   space 4096K, 0% used [0xaa740000,0xaa740000,0xaab40000)
 ParOldGen       total 28928K, used 4028K [0x88740000, 0x8a380000, 0xa4dc0000)
  object space 28928K, 13% used [0x88740000,0x88b2f270,0x8a380000)
 PSPermGen       total 16384K, used 7780K [0x80740000, 0x81740000, 0x88740000)
  object space 16384K, 47% used [0x80740000,0x80ed93f8,0x81740000)
}
Event: 22.485 GC heap before
{Heap before GC invocations=8 (full 0):
 PSYoungGen      total 46848K, used 46836K [0xa4dc0000, 0xaab40000, 0xb3140000)
  eden space 43776K, 100% used [0xa4dc0000,0xa7880000,0xa7880000)
  from space 3072K, 99% used [0xa7880000,0xa7b7d3c8,0xa7b80000)
  to   space 4096K, 0% used [0xaa740000,0xaa740000,0xaab40000)
 ParOldGen       total 28928K, used 4028K [0x88740000, 0x8a380000, 0xa4dc0000)
  object space 28928K, 13% used [0x88740000,0x88b2f270,0x8a380000)
 PSPermGen       total 16384K, used 7780K [0x80740000, 0x81740000, 0x88740000)
  object space 16384K, 47% used [0x80740000,0x80ed93f8,0x81740000)
Event: 22.501 GC heap after
Heap after GC invocations=8 (full 0):
 PSYoungGen      total 91392K, used 3604K [0xa4dc0000, 0xaabc0000, 0xb3140000)
  eden space 87296K, 0% used [0xa4dc0000,0xa4dc0000,0xaa300000)
  from space 4096K, 88% used [0xaa740000,0xaaac53c8,0xaab40000)
  to   space 4352K, 0% used [0xaa300000,0xaa300000,0xaa740000)
 ParOldGen       total 28928K, used 4032K [0x88740000, 0x8a380000, 0xa4dc0000)
  object space 28928K, 13% used [0x88740000,0x88b30270,0x8a380000)
 PSPermGen       total 16384K, used 7780K [0x80740000, 0x81740000, 0x88740000)
  object space 16384K, 47% used [0x80740000,0x80ed93f8,0x81740000)
}
Event: 28.319 GC heap before
{Heap before GC invocations=9 (full 0):
 PSYoungGen      total 91392K, used 90900K [0xa4dc0000, 0xaabc0000, 0xb3140000)
  eden space 87296K, 100% used [0xa4dc0000,0xaa300000,0xaa300000)
  from space 4096K, 88% used [0xaa740000,0xaaac53c8,0xaab40000)
  to   space 4352K, 0% used [0xaa300000,0xaa300000,0xaa740000)
 ParOldGen       total 28928K, used 4032K [0x88740000, 0x8a380000, 0xa4dc0000)
  object space 28928K, 13% used [0x88740000,0x88b30270,0x8a380000)
 PSPermGen       total 16384K, used 7784K [0x80740000, 0x81740000, 0x88740000)
  object space 16384K, 47% used [0x80740000,0x80eda268,0x81740000)

