# JRE version: OpenJDK Runtime Environment (7.0_65-b32) (build 1.7.0_65-b32)
# Java VM: OpenJDK Server VM (24.65-b04 mixed mode linux-x86 )
Heap
 PSYoungGen      total 91648K, used 5116K [0xa4e80000, 0xaad80000, 0xb3200000)
  eden space 86528K, 0% used [0xa4e80000,0xa4e80000,0xaa300000)
  from space 5120K, 99% used [0xaa300000,0xaa7ff018,0xaa800000)
  to   space 4608K, 0% used [0xaa800000,0xaa800000,0xaac80000)
 ParOldGen       total 28928K, used 7313K [0x88800000, 0x8a440000, 0xa4e80000)
  object space 28928K, 25% used [0x88800000,0x88f24688,0x8a440000)
 PSPermGen       total 16384K, used 7777K [0x80800000, 0x81800000, 0x88800000)
  object space 16384K, 47% used [0x80800000,0x80f985b8,0x81800000)
GC Heap History (10 events):
Event: 8.300 GC heap after
Heap after GC invocations=4 (full 0):
 PSYoungGen      total 23808K, used 1787K [0xa4e80000, 0xa6780000, 0xb3200000)
  eden space 22016K, 0% used [0xa4e80000,0xa4e80000,0xa6400000)
  from space 1792K, 99% used [0xa65c0000,0xa677ed60,0xa6780000)
  to   space 1792K, 0% used [0xa6400000,0xa6400000,0xa65c0000)
 ParOldGen       total 28928K, used 1809K [0x88800000, 0x8a440000, 0xa4e80000)
  object space 28928K, 6% used [0x88800000,0x889c4430,0x8a440000)
 PSPermGen       total 16384K, used 7765K [0x80800000, 0x81800000, 0x88800000)
  object space 16384K, 47% used [0x80800000,0x80f957a8,0x81800000)
}
Event: 8.952 GC heap before
{Heap before GC invocations=5 (full 0):
 PSYoungGen      total 23808K, used 23803K [0xa4e80000, 0xa6780000, 0xb3200000)
  eden space 22016K, 100% used [0xa4e80000,0xa6400000,0xa6400000)
  from space 1792K, 99% used [0xa65c0000,0xa677ed60,0xa6780000)
  to   space 1792K, 0% used [0xa6400000,0xa6400000,0xa65c0000)
 ParOldGen       total 28928K, used 1809K [0x88800000, 0x8a440000, 0xa4e80000)
  object space 28928K, 6% used [0x88800000,0x889c4430,0x8a440000)
 PSPermGen       total 16384K, used 7773K [0x80800000, 0x81800000, 0x88800000)
  object space 16384K, 47% used [0x80800000,0x80f977f8,0x81800000)
Event: 8.964 GC heap after
Heap after GC invocations=5 (full 0):
 PSYoungGen      total 23808K, used 1787K [0xa4e80000, 0xa7f80000, 0xb3200000)
  eden space 22016K, 0% used [0xa4e80000,0xa4e80000,0xa6400000)
  from space 1792K, 99% used [0xa6400000,0xa65bed60,0xa65c0000)
  to   space 3072K, 0% used [0xa7c80000,0xa7c80000,0xa7f80000)
 ParOldGen       total 28928K, used 3041K [0x88800000, 0x8a440000, 0xa4e80000)
  object space 28928K, 10% used [0x88800000,0x88af8430,0x8a440000)
 PSPermGen       total 16384K, used 7773K [0x80800000, 0x81800000, 0x88800000)
  object space 16384K, 47% used [0x80800000,0x80f977f8,0x81800000)
}
Event: 9.182 GC heap before
{Heap before GC invocations=6 (full 0):
 PSYoungGen      total 23808K, used 23803K [0xa4e80000, 0xa7f80000, 0xb3200000)
  eden space 22016K, 100% used [0xa4e80000,0xa6400000,0xa6400000)
  from space 1792K, 99% used [0xa6400000,0xa65bed60,0xa65c0000)
  to   space 3072K, 0% used [0xa7c80000,0xa7c80000,0xa7f80000)
 ParOldGen       total 28928K, used 3041K [0x88800000, 0x8a440000, 0xa4e80000)
  object space 28928K, 10% used [0x88800000,0x88af8430,0x8a440000)
 PSPermGen       total 16384K, used 7774K [0x80800000, 0x81800000, 0x88800000)
  object space 16384K, 47% used [0x80800000,0x80f97a50,0x81800000)
Event: 9.193 GC heap after
Heap after GC invocations=6 (full 0):
 PSYoungGen      total 46592K, used 3067K [0xa4e80000, 0xa8080000, 0xb3200000)
  eden space 43520K, 0% used [0xa4e80000,0xa4e80000,0xa7900000)
  from space 3072K, 99% used [0xa7c80000,0xa7f7ed60,0xa7f80000)
  to   space 3584K, 0% used [0xa7900000,0xa7900000,0xa7c80000)
 ParOldGen       total 28928K, used 3501K [0x88800000, 0x8a440000, 0xa4e80000)
  object space 28928K, 12% used [0x88800000,0x88b6b430,0x8a440000)
 PSPermGen       total 16384K, used 7774K [0x80800000, 0x81800000, 0x88800000)
  object space 16384K, 47% used [0x80800000,0x80f97a50,0x81800000)
}
Event: 10.572 GC heap before
{Heap before GC invocations=7 (full 0):
 PSYoungGen      total 46592K, used 46533K [0xa4e80000, 0xa8080000, 0xb3200000)
  eden space 43520K, 99% used [0xa4e80000,0xa78f26b8,0xa7900000)
  from space 3072K, 99% used [0xa7c80000,0xa7f7ed60,0xa7f80000)
  to   space 3584K, 0% used [0xa7900000,0xa7900000,0xa7c80000)
 ParOldGen       total 28928K, used 3501K [0x88800000, 0x8a440000, 0xa4e80000)
  object space 28928K, 12% used [0x88800000,0x88b6b430,0x8a440000)
 PSPermGen       total 16384K, used 7775K [0x80800000, 0x81800000, 0x88800000)
  object space 16384K, 47% used [0x80800000,0x80f97ff0,0x81800000)
Event: 11.585 GC heap after
Heap after GC invocations=7 (full 0):
 PSYoungGen      total 47104K, used 3572K [0xa4e80000, 0xaac80000, 0xb3200000)
  eden space 43520K, 0% used [0xa4e80000,0xa4e80000,0xa7900000)
  from space 3584K, 99% used [0xa7900000,0xa7c7d3c8,0xa7c80000)
  to   space 4608K, 0% used [0xaa800000,0xaa800000,0xaac80000)
 ParOldGen       total 28928K, used 4661K [0x88800000, 0x8a440000, 0xa4e80000)
  object space 28928K, 16% used [0x88800000,0x88c8d688,0x8a440000)
 PSPermGen       total 16384K, used 7775K [0x80800000, 0x81800000, 0x88800000)
  object space 16384K, 47% used [0x80800000,0x80f97ff0,0x81800000)
}
Event: 12.413 GC heap before
{Heap before GC invocations=8 (full 0):
 PSYoungGen      total 47104K, used 47092K [0xa4e80000, 0xaac80000, 0xb3200000)
  eden space 43520K, 100% used [0xa4e80000,0xa7900000,0xa7900000)
  from space 3584K, 99% used [0xa7900000,0xa7c7d3c8,0xa7c80000)
  to   space 4608K, 0% used [0xaa800000,0xaa800000,0xaac80000)
 ParOldGen       total 28928K, used 4661K [0x88800000, 0x8a440000, 0xa4e80000)
  object space 28928K, 16% used [0x88800000,0x88c8d688,0x8a440000)
 PSPermGen       total 16384K, used 7777K [0x80800000, 0x81800000, 0x88800000)
  object space 16384K, 47% used [0x80800000,0x80f98430,0x81800000)
Event: 12.434 GC heap after
Heap after GC invocations=8 (full 0):
 PSYoungGen      total 91136K, used 4387K [0xa4e80000, 0xaad80000, 0xb3200000)
  eden space 86528K, 0% used [0xa4e80000,0xa4e80000,0xaa300000)
  from space 4608K, 95% used [0xaa800000,0xaac48c68,0xaac80000)
  to   space 5120K, 0% used [0xaa300000,0xaa300000,0xaa800000)
 ParOldGen       total 28928K, used 4669K [0x88800000, 0x8a440000, 0xa4e80000)
  object space 28928K, 16% used [0x88800000,0x88c8f688,0x8a440000)
 PSPermGen       total 16384K, used 7777K [0x80800000, 0x81800000, 0x88800000)
  object space 16384K, 47% used [0x80800000,0x80f98430,0x81800000)
}
Event: 14.224 GC heap before
{Heap before GC invocations=9 (full 0):
 PSYoungGen      total 91136K, used 90915K [0xa4e80000, 0xaad80000, 0xb3200000)
  eden space 86528K, 100% used [0xa4e80000,0xaa300000,0xaa300000)
  from space 4608K, 95% used [0xaa800000,0xaac48c68,0xaac80000)
  to   space 5120K, 0% used [0xaa300000,0xaa300000,0xaa800000)
 ParOldGen       total 28928K, used 4669K [0x88800000, 0x8a440000, 0xa4e80000)
  object space 28928K, 16% used [0x88800000,0x88c8f688,0x8a440000)
 PSPermGen       total 16384K, used 7777K [0x80800000, 0x81800000, 0x88800000)
  object space 16384K, 47% used [0x80800000,0x80f985b8,0x81800000)

