# JRE version: OpenJDK Runtime Environment (7.0_65-b32) (build 1.7.0_65-b32)
# Java VM: OpenJDK Server VM (24.65-b04 mixed mode linux-x86 )
Heap
 PSYoungGen      total 44288K, used 1776K [0xa4dc0000, 0xa7cc0000, 0xb3140000)
  eden space 42496K, 0% used [0xa4dc0000,0xa4dc0000,0xa7740000)
  from space 1792K, 99% used [0xa7b00000,0xa7cbc008,0xa7cc0000)
  to   space 2304K, 0% used [0xa78c0000,0xa78c0000,0xa7b00000)
 ParOldGen       total 28928K, used 5209K [0x88740000, 0x8a380000, 0xa4dc0000)
  object space 28928K, 18% used [0x88740000,0x88c56648,0x8a380000)
 PSPermGen       total 16384K, used 7778K [0x80740000, 0x81740000, 0x88740000)
  object space 16384K, 47% used [0x80740000,0x80ed8828,0x81740000)
GC Heap History (10 events):
Event: 15.977 GC heap after
Heap after GC invocations=5 (full 0):
 PSYoungGen      total 12800K, used 1786K [0xa4dc0000, 0xa6840000, 0xb3140000)
  eden space 11008K, 0% used [0xa4dc0000,0xa4dc0000,0xa5880000)
  from space 1792K, 99% used [0xa5880000,0xa5a3e958,0xa5a40000)
  to   space 2560K, 0% used [0xa65c0000,0xa65c0000,0xa6840000)
 ParOldGen       total 28928K, used 1475K [0x88740000, 0x8a380000, 0xa4dc0000)
  object space 28928K, 5% used [0x88740000,0x888b0ce8,0x8a380000)
 PSPermGen       total 16384K, used 7775K [0x80740000, 0x81740000, 0x88740000)
  object space 16384K, 47% used [0x80740000,0x80ed7d88,0x81740000)
}
Event: 16.454 GC heap before
{Heap before GC invocations=6 (full 0):
 PSYoungGen      total 12800K, used 12794K [0xa4dc0000, 0xa6840000, 0xb3140000)
  eden space 11008K, 100% used [0xa4dc0000,0xa5880000,0xa5880000)
  from space 1792K, 99% used [0xa5880000,0xa5a3e958,0xa5a40000)
  to   space 2560K, 0% used [0xa65c0000,0xa65c0000,0xa6840000)
 ParOldGen       total 28928K, used 1475K [0x88740000, 0x8a380000, 0xa4dc0000)
  object space 28928K, 5% used [0x88740000,0x888b0ce8,0x8a380000)
 PSPermGen       total 16384K, used 7776K [0x80740000, 0x81740000, 0x88740000)
  object space 16384K, 47% used [0x80740000,0x80ed8188,0x81740000)
Event: 16.461 GC heap after
Heap after GC invocations=6 (full 0):
 PSYoungGen      total 24576K, used 1979K [0xa4dc0000, 0xa6840000, 0xb3140000)
  eden space 22016K, 0% used [0xa4dc0000,0xa4dc0000,0xa6340000)
  from space 2560K, 77% used [0xa65c0000,0xa67aed60,0xa6840000)
  to   space 2560K, 0% used [0xa6340000,0xa6340000,0xa65c0000)
 ParOldGen       total 28928K, used 1475K [0x88740000, 0x8a380000, 0xa4dc0000)
  object space 28928K, 5% used [0x88740000,0x888b0ce8,0x8a380000)
 PSPermGen       total 16384K, used 7776K [0x80740000, 0x81740000, 0x88740000)
  object space 16384K, 47% used [0x80740000,0x80ed8188,0x81740000)
}
Event: 17.305 GC heap before
{Heap before GC invocations=7 (full 0):
 PSYoungGen      total 24576K, used 23995K [0xa4dc0000, 0xa6840000, 0xb3140000)
  eden space 22016K, 100% used [0xa4dc0000,0xa6340000,0xa6340000)
  from space 2560K, 77% used [0xa65c0000,0xa67aed60,0xa6840000)
  to   space 2560K, 0% used [0xa6340000,0xa6340000,0xa65c0000)
 ParOldGen       total 28928K, used 1475K [0x88740000, 0x8a380000, 0xa4dc0000)
  object space 28928K, 5% used [0x88740000,0x888b0ce8,0x8a380000)
 PSPermGen       total 16384K, used 7776K [0x80740000, 0x81740000, 0x88740000)
  object space 16384K, 47% used [0x80740000,0x80ed8188,0x81740000)
Event: 17.315 GC heap after
Heap after GC invocations=7 (full 0):
 PSYoungGen      total 24576K, used 2100K [0xa4dc0000, 0xa7d40000, 0xb3140000)
  eden space 22016K, 0% used [0xa4dc0000,0xa4dc0000,0xa6340000)
  from space 2560K, 82% used [0xa6340000,0xa654d3c8,0xa65c0000)
  to   space 2304K, 0% used [0xa7b00000,0xa7b00000,0xa7d40000)
 ParOldGen       total 28928K, used 2284K [0x88740000, 0x8a380000, 0xa4dc0000)
  object space 28928K, 7% used [0x88740000,0x8897b288,0x8a380000)
 PSPermGen       total 16384K, used 7776K [0x80740000, 0x81740000, 0x88740000)
  object space 16384K, 47% used [0x80740000,0x80ed8188,0x81740000)
}
Event: 18.399 GC heap before
{Heap before GC invocations=8 (full 0):
 PSYoungGen      total 24576K, used 24116K [0xa4dc0000, 0xa7d40000, 0xb3140000)
  eden space 22016K, 100% used [0xa4dc0000,0xa6340000,0xa6340000)
  from space 2560K, 82% used [0xa6340000,0xa654d3c8,0xa65c0000)
  to   space 2304K, 0% used [0xa7b00000,0xa7b00000,0xa7d40000)
 ParOldGen       total 28928K, used 2284K [0x88740000, 0x8a380000, 0xa4dc0000)
  object space 28928K, 7% used [0x88740000,0x8897b288,0x8a380000)
 PSPermGen       total 16384K, used 7777K [0x80740000, 0x81740000, 0x88740000)
  object space 16384K, 47% used [0x80740000,0x80ed8550,0x81740000)
Event: 18.405 GC heap after
Heap after GC invocations=8 (full 0):
 PSYoungGen      total 46336K, used 1923K [0xa4dc0000, 0xa7d40000, 0xb3140000)
  eden space 44032K, 0% used [0xa4dc0000,0xa4dc0000,0xa78c0000)
  from space 2304K, 83% used [0xa7b00000,0xa7ce0c68,0xa7d40000)
  to   space 2304K, 0% used [0xa78c0000,0xa78c0000,0xa7b00000)
 ParOldGen       total 28928K, used 2288K [0x88740000, 0x8a380000, 0xa4dc0000)
  object space 28928K, 7% used [0x88740000,0x8897c288,0x8a380000)
 PSPermGen       total 16384K, used 7777K [0x80740000, 0x81740000, 0x88740000)
  object space 16384K, 47% used [0x80740000,0x80ed8550,0x81740000)
}
Event: 20.395 GC heap before
{Heap before GC invocations=9 (full 0):
 PSYoungGen      total 46336K, used 45955K [0xa4dc0000, 0xa7d40000, 0xb3140000)
  eden space 44032K, 100% used [0xa4dc0000,0xa78c0000,0xa78c0000)
  from space 2304K, 83% used [0xa7b00000,0xa7ce0c68,0xa7d40000)
  to   space 2304K, 0% used [0xa78c0000,0xa78c0000,0xa7b00000)
 ParOldGen       total 28928K, used 2288K [0x88740000, 0x8a380000, 0xa4dc0000)
  object space 28928K, 7% used [0x88740000,0x8897c288,0x8a380000)
 PSPermGen       total 16384K, used 7777K [0x80740000, 0x81740000, 0x88740000)
  object space 16384K, 47% used [0x80740000,0x80ed85c0,0x81740000)
Event: 20.408 GC heap after
Heap after GC invocations=9 (full 0):
 PSYoungGen      total 44800K, used 2292K [0xa4dc0000, 0xa7cc0000, 0xb3140000)
  eden space 42496K, 0% used [0xa4dc0000,0xa4dc0000,0xa7740000)
  from space 2304K, 99% used [0xa78c0000,0xa7afd3c8,0xa7b00000)
  to   space 1792K, 0% used [0xa7b00000,0xa7b00000,0xa7cc0000)
 ParOldGen       total 28928K, used 3380K [0x88740000, 0x8a380000, 0xa4dc0000)
  object space 28928K, 11% used [0x88740000,0x88a8d288,0x8a380000)
 PSPermGen       total 16384K, used 7777K [0x80740000, 0x81740000, 0x88740000)
  object space 16384K, 47% used [0x80740000,0x80ed85c0,0x81740000)
}
Event: 22.547 GC heap before
{Heap before GC invocations=10 (full 0):
 PSYoungGen      total 44800K, used 44788K [0xa4dc0000, 0xa7cc0000, 0xb3140000)
  eden space 42496K, 100% used [0xa4dc0000,0xa7740000,0xa7740000)
  from space 2304K, 99% used [0xa78c0000,0xa7afd3c8,0xa7b00000)
  to   space 1792K, 0% used [0xa7b00000,0xa7b00000,0xa7cc0000)
 ParOldGen       total 28928K, used 3380K [0x88740000, 0x8a380000, 0xa4dc0000)
  object space 28928K, 11% used [0x88740000,0x88a8d288,0x8a380000)
 PSPermGen       total 16384K, used 7778K [0x80740000, 0x81740000, 0x88740000)
  object space 16384K, 47% used [0x80740000,0x80ed8828,0x81740000)

